<?xml version="1.0" encoding="UTF-8"?>
<!-- Generated by org.testng.reporters.JUnitReportReporter -->
<testsuite skipped="0" hostname="DESKTOP-P5SR7E9" name="assignment4.PageContent" tests="1" failures="0" timestamp="07 Jul 2019 00:09:46 GMT" time="4.418" errors="0">
  <testcase name="validateKeyboardActions" time="4.418" classname="assignment4.PageContent"/>
</testsuite> <!-- assignment4.PageContent -->
