<?xml version="1.0" encoding="UTF-8"?>
<!-- Generated by org.testng.reporters.JUnitReportReporter -->
<testsuite skipped="0" hostname="DESKTOP-P5SR7E9" name="assignment4.FacebookValidations" tests="1" failures="0" timestamp="07 Jul 2019 00:22:27 GMT" time="6.279" errors="0">
  <testcase name="facebookValidations" time="6.279" classname="assignment4.FacebookValidations"/>
</testsuite> <!-- assignment4.FacebookValidations -->
