<?xml version="1.0" encoding="UTF-8"?>
<!-- Generated by org.testng.reporters.JUnitReportReporter -->
<testsuite skipped="0" hostname="DESKTOP-P5SR7E9" name="assignment4.KeyboardActions" tests="1" failures="0" timestamp="07 Jul 2019 00:00:58 GMT" time="2.666" errors="0">
  <testcase name="validateKeyboardActions" time="2.666" classname="assignment4.KeyboardActions"/>
</testsuite> <!-- assignment4.KeyboardActions -->
