<?xml version="1.0" encoding="UTF-8"?>
<!-- Generated by org.testng.reporters.JUnitReportReporter -->
<testsuite skipped="0" hostname="DESKTOP-P5SR7E9" name="assignment8.LoginTest" tests="1" failures="0" timestamp="07 Jul 2019 18:50:03 GMT" time="4.142" errors="0">
  <testcase name="loginTest" time="4.142" classname="assignment8.LoginTest"/>
</testsuite> <!-- assignment8.LoginTest -->
