<?xml version="1.0" encoding="UTF-8"?>
<!-- Generated by org.testng.reporters.JUnitReportReporter -->
<testsuite skipped="0" hostname="DESKTOP-P5SR7E9" name="assignment9.NewToursTests" tests="3" failures="0" timestamp="08 Jul 2019 02:22:38 GMT" time="3.517" errors="0">
  <testcase name="invalidPasswordTest" time="1.136" classname="assignment9.NewToursTests"/>
  <testcase name="blankCredentialsTest" time="1.264" classname="assignment9.NewToursTests"/>
  <testcase name="invalidUsernameTest" time="1.117" classname="assignment9.NewToursTests"/>
</testsuite> <!-- assignment9.NewToursTests -->
